2024-11-26 22:20:21,354 [INFO] 3 changes detected
2024-11-26 22:20:21,707 [INFO] 1 change detected
2024-11-26 22:20:22,058 [INFO] 1 change detected
2024-11-26 22:20:22,410 [INFO] 1 change detected
2024-11-26 22:20:22,762 [INFO] 1 change detected
2024-11-26 22:20:23,113 [INFO] 1 change detected
2024-11-26 22:20:23,464 [INFO] 1 change detected
2024-11-26 22:20:23,815 [INFO] 1 change detected
2024-11-26 22:20:24,167 [INFO] 1 change detected
2024-11-26 22:20:24,519 [INFO] 1 change detected
2024-11-26 22:20:24,871 [INFO] 1 change detected
2024-11-26 22:20:25,223 [INFO] 1 change detected
2024-11-26 22:20:25,574 [INFO] 1 change detected
2024-11-26 22:20:25,925 [INFO] 1 change detected
2024-11-26 22:20:26,276 [INFO] 1 change detected
2024-11-26 22:20:26,628 [INFO] 1 change detected
2024-11-26 22:20:26,979 [INFO] 1 change detected
2024-11-26 22:20:27,330 [INFO] 1 change detected
2024-11-26 22:20:27,681 [INFO] 1 change detected
2024-11-26 22:20:28,033 [INFO] 1 change detected
2024-11-26 22:20:28,384 [INFO] 1 change detected
2024-11-26 22:20:28,735 [INFO] 1 change detected
2024-11-26 22:20:29,087 [INFO] 1 change detected
2024-11-26 22:20:29,439 [INFO] 1 change detected
2024-11-26 22:20:29,791 [INFO] 1 change detected
2024-11-26 22:20:30,143 [INFO] 1 change detected
2024-11-26 22:20:30,495 [INFO] 1 change detected
2024-11-26 22:20:30,847 [INFO] 1 change detected
2024-11-26 22:20:31,198 [INFO] 1 change detected
2024-11-26 22:20:31,549 [INFO] 1 change detected
2024-11-26 22:20:31,900 [INFO] 1 change detected
2024-11-26 22:20:32,251 [INFO] 1 change detected
2024-11-26 22:20:32,602 [INFO] 1 change detected
2024-11-26 22:20:32,954 [INFO] 1 change detected
2024-11-26 22:20:33,305 [INFO] 1 change detected
2024-11-26 22:20:33,656 [INFO] 1 change detected
2024-11-26 22:20:34,006 [INFO] 1 change detected
2024-11-26 22:20:34,357 [INFO] 1 change detected
2024-11-26 22:20:34,708 [INFO] 1 change detected
2024-11-26 22:20:35,059 [INFO] 1 change detected
2024-11-26 22:20:35,410 [INFO] 1 change detected
2024-11-26 22:20:35,761 [INFO] 1 change detected
2024-11-26 22:20:36,112 [INFO] 1 change detected
2024-11-26 22:20:36,463 [INFO] 1 change detected
2024-11-26 22:20:36,815 [INFO] 1 change detected
2024-11-26 22:20:37,167 [INFO] 1 change detected
2024-11-26 22:20:37,518 [INFO] 1 change detected
2024-11-26 22:20:37,869 [INFO] 1 change detected
2024-11-26 22:20:38,220 [INFO] 1 change detected
2024-11-26 22:20:38,571 [INFO] 1 change detected
2024-11-26 22:20:38,922 [INFO] 1 change detected
2024-11-26 22:20:39,274 [INFO] 1 change detected
2024-11-26 22:20:39,626 [INFO] 1 change detected
2024-11-26 22:20:39,977 [INFO] 1 change detected
2024-11-26 22:20:40,328 [INFO] 1 change detected
2024-11-26 22:20:40,680 [INFO] 1 change detected
2024-11-26 22:20:41,032 [INFO] 1 change detected
2024-11-26 22:20:41,383 [INFO] 1 change detected
2024-11-26 22:20:41,735 [INFO] 1 change detected
2024-11-26 22:20:42,085 [INFO] 1 change detected
2024-11-26 22:20:42,436 [INFO] 1 change detected
2024-11-26 22:20:42,789 [INFO] 1 change detected
2024-11-26 22:20:43,140 [INFO] 1 change detected
2024-11-26 22:20:43,491 [INFO] 1 change detected
2024-11-26 22:20:43,842 [INFO] 1 change detected
2024-11-26 22:20:44,192 [INFO] 1 change detected
2024-11-26 22:20:44,543 [INFO] 1 change detected
2024-11-26 22:20:44,894 [INFO] 1 change detected
2024-11-26 22:20:45,245 [INFO] 1 change detected
2024-11-26 22:20:45,595 [INFO] 1 change detected
2024-11-26 22:20:45,946 [INFO] 1 change detected
2024-11-26 22:20:46,297 [INFO] 1 change detected
2024-11-26 22:20:46,648 [INFO] 1 change detected
2024-11-26 22:20:47,000 [INFO] 1 change detected
2024-11-26 22:20:47,351 [INFO] 1 change detected
2024-11-26 22:20:47,703 [INFO] 1 change detected
2024-11-26 22:20:48,054 [INFO] 1 change detected
2024-11-26 22:20:48,405 [INFO] 1 change detected
2024-11-26 22:20:48,757 [INFO] 1 change detected
2024-11-26 22:20:49,108 [INFO] 1 change detected
2024-11-26 22:20:49,459 [INFO] 1 change detected
2024-11-26 22:20:49,811 [INFO] 1 change detected
2024-11-26 22:20:50,162 [INFO] 1 change detected
2024-11-26 22:20:50,513 [INFO] 1 change detected
2024-11-26 22:20:50,866 [INFO] 1 change detected
2024-11-26 22:20:51,217 [INFO] 1 change detected
2024-11-26 22:20:51,569 [INFO] 1 change detected
2024-11-26 22:20:51,920 [INFO] 1 change detected
2024-11-26 22:20:52,272 [INFO] 1 change detected
2024-11-26 22:20:52,623 [INFO] 1 change detected
2024-11-26 22:20:52,974 [INFO] 1 change detected
2024-11-26 22:20:53,325 [INFO] 1 change detected
2024-11-26 22:20:53,677 [INFO] 1 change detected
2024-11-26 22:20:54,028 [INFO] 1 change detected
2024-11-26 22:20:54,379 [INFO] 1 change detected
2024-11-26 22:20:54,730 [INFO] 1 change detected
2024-11-26 22:20:55,082 [INFO] 1 change detected
2024-11-26 22:20:55,433 [INFO] 1 change detected
2024-11-26 22:20:55,784 [INFO] 1 change detected
2024-11-26 22:20:56,136 [INFO] 1 change detected
2024-11-26 22:20:56,487 [INFO] 1 change detected
2024-11-26 22:20:56,795 [ERROR] Expired signature error: Signature has expired
2024-11-26 22:20:56,838 [INFO] 1 change detected
2024-11-26 22:20:57,189 [INFO] 1 change detected
2024-11-26 22:20:57,540 [INFO] 1 change detected
2024-11-26 22:20:57,891 [INFO] 1 change detected
2024-11-26 22:20:58,242 [INFO] 1 change detected
2024-11-26 22:20:58,593 [INFO] 1 change detected
2024-11-26 22:20:58,944 [INFO] 1 change detected
2024-11-26 22:20:59,296 [INFO] 1 change detected
2024-11-26 22:20:59,648 [INFO] 1 change detected
2024-11-26 22:20:59,999 [INFO] 1 change detected
2024-11-26 22:21:00,351 [INFO] 1 change detected
2024-11-26 22:21:00,702 [INFO] 1 change detected
2024-11-26 22:21:01,054 [INFO] 1 change detected
2024-11-26 22:21:01,406 [INFO] 1 change detected
2024-11-26 22:21:01,757 [INFO] 1 change detected
2024-11-26 22:21:02,109 [INFO] 1 change detected
2024-11-26 22:21:02,461 [INFO] 1 change detected
2024-11-26 22:21:02,813 [INFO] 1 change detected
2024-11-26 22:21:03,166 [INFO] 1 change detected
2024-11-26 22:21:03,517 [INFO] 1 change detected
2024-11-26 22:21:03,868 [INFO] 1 change detected
2024-11-26 22:21:04,221 [INFO] 1 change detected
2024-11-26 22:21:04,573 [INFO] 1 change detected
2024-11-26 22:21:04,924 [INFO] 1 change detected
2024-11-26 22:21:05,276 [INFO] 1 change detected
2024-11-26 22:21:05,628 [INFO] 1 change detected
2024-11-26 22:21:05,980 [INFO] 1 change detected
2024-11-26 22:21:06,332 [INFO] 1 change detected
2024-11-26 22:21:06,683 [INFO] 1 change detected
2024-11-26 22:21:07,035 [INFO] 1 change detected
2024-11-26 22:21:07,387 [INFO] 1 change detected
2024-11-26 22:21:07,739 [INFO] 1 change detected
2024-11-26 22:21:08,090 [INFO] 1 change detected
2024-11-26 22:21:08,441 [INFO] 1 change detected
2024-11-26 22:21:08,792 [INFO] 1 change detected
2024-11-26 22:21:09,143 [INFO] 1 change detected
2024-11-26 22:21:09,495 [INFO] 1 change detected
2024-11-26 22:21:09,846 [INFO] 1 change detected
2024-11-26 22:21:10,198 [INFO] 1 change detected
2024-11-26 22:21:10,550 [INFO] 1 change detected
2024-11-26 22:21:10,901 [INFO] 1 change detected
2024-11-26 22:21:11,253 [INFO] 1 change detected
2024-11-26 22:21:11,605 [INFO] 1 change detected
2024-11-26 22:21:11,956 [INFO] 1 change detected
2024-11-26 22:21:12,308 [INFO] 1 change detected
2024-11-26 22:21:12,660 [INFO] 1 change detected
2024-11-26 22:21:13,012 [INFO] 1 change detected
2024-11-26 22:21:13,363 [INFO] 1 change detected
2024-11-26 22:21:13,714 [INFO] 1 change detected
2024-11-26 22:21:14,066 [INFO] 1 change detected
2024-11-26 22:21:14,418 [INFO] 1 change detected
2024-11-26 22:21:14,770 [INFO] 1 change detected
2024-11-26 22:21:15,122 [INFO] 1 change detected
2024-11-26 22:21:15,475 [INFO] 1 change detected
2024-11-26 22:21:15,827 [INFO] 1 change detected
2024-11-26 22:21:16,179 [INFO] 1 change detected
2024-11-26 22:21:16,531 [INFO] 1 change detected
2024-11-26 22:21:16,882 [INFO] 1 change detected
2024-11-26 22:21:17,234 [INFO] 1 change detected
2024-11-26 22:21:17,585 [INFO] 1 change detected
2024-11-26 22:21:17,936 [INFO] 1 change detected
2024-11-26 22:21:18,287 [INFO] 1 change detected
2024-11-26 22:21:18,639 [INFO] 1 change detected
2024-11-26 22:21:18,991 [INFO] 1 change detected
2024-11-26 22:21:19,343 [INFO] 1 change detected
2024-11-26 22:21:19,694 [INFO] 1 change detected
2024-11-26 22:21:20,046 [INFO] 1 change detected
2024-11-26 22:21:20,398 [INFO] 1 change detected
2024-11-26 22:21:20,750 [INFO] 1 change detected
2024-11-26 22:21:21,103 [INFO] 1 change detected
2024-11-26 22:21:21,454 [INFO] 1 change detected
2024-11-26 22:21:21,806 [INFO] 1 change detected
2024-11-26 22:21:22,160 [INFO] 1 change detected
2024-11-26 22:21:22,511 [INFO] 1 change detected
2024-11-26 22:21:22,862 [INFO] 1 change detected
2024-11-26 22:21:23,215 [INFO] 1 change detected
2024-11-26 22:21:23,566 [INFO] 1 change detected
2024-11-26 22:21:23,917 [INFO] 1 change detected
2024-11-26 22:21:24,269 [INFO] 1 change detected
2024-11-26 22:21:24,620 [INFO] 1 change detected
2024-11-26 22:21:24,972 [INFO] 1 change detected
2024-11-26 22:21:25,324 [INFO] 1 change detected
2024-11-26 22:21:25,675 [INFO] 1 change detected
2024-11-26 22:21:26,026 [INFO] 1 change detected
2024-11-26 22:21:26,378 [INFO] 1 change detected
2024-11-26 22:21:26,730 [INFO] 1 change detected
2024-11-26 22:21:27,081 [INFO] 1 change detected
2024-11-26 22:21:27,432 [INFO] 1 change detected
2024-11-26 22:21:27,783 [INFO] 1 change detected
2024-11-26 22:21:28,084 [INFO] Deleted old token for user_id 3
2024-11-26 22:21:28,134 [INFO] 1 change detected
2024-11-26 22:21:28,152 [INFO] Access token created and stored in DB: eyJhbGciOiJSUzI1NiIsInR5cCI6IkpXVCJ9.eyJzdWIiOiIzIiwiZXhwIjoxNzMyNjYxNDg4fQ.eQ7fGqh3MNnHdfJxJlQjZe4Vjgv9u8-aoMcX0ksGk3x6YxGGtHq_TPS5u2Bkrp527urhhmDDps96OoCZgxDb3vGNo9IH8ekxKCabtNDB-QQOluChyb5sWiIg4d81qecZBGvYcTCFSdbKKro1ymbPJOatPOQVvzHvdATdkUakKitQMPkEB6Ccv3gHpRaZCpMAhmZP9sapvGZ-8wWmx24zCtmEXOxpHR67rGlpM0gMHZ3rU_pctPphBOWgyJS1mrlD_ThKE5UDDnbn0ZtY8sv38EDt-L_jKSob4UWUh4yoMKxmFyC5gjo7Vnjp3IA7GnSLJ4IhROTu9DPo2MH3Qy4GcQ
2024-11-26 22:21:28,485 [INFO] 1 change detected
2024-11-26 22:21:28,837 [INFO] 1 change detected
2024-11-26 22:21:29,188 [INFO] 1 change detected
2024-11-26 22:21:29,539 [INFO] 1 change detected
2024-11-26 22:21:29,891 [INFO] 1 change detected
2024-11-26 22:21:30,242 [INFO] 1 change detected
2024-11-26 22:21:30,593 [INFO] 1 change detected
2024-11-26 22:21:30,945 [INFO] 1 change detected
2024-11-26 22:21:31,297 [INFO] 1 change detected
2024-11-26 22:21:31,648 [INFO] 1 change detected
2024-11-26 22:21:31,999 [INFO] 1 change detected
2024-11-26 22:21:32,095 [INFO] Decoded payload: {'sub': '3', 'exp': 1732661488}
2024-11-26 22:21:32,095 [INFO] User ID from token: 3
2024-11-26 22:21:32,097 [INFO] Token from DB: <models.token.Token object at 0x7614ca82e420>
2024-11-26 22:21:32,098 [INFO] Returning token data: email='' user_id=3
2024-11-26 22:21:32,351 [INFO] 1 change detected
2024-11-26 22:21:32,702 [INFO] 1 change detected
2024-11-26 22:21:33,053 [INFO] 1 change detected
2024-11-26 22:21:33,404 [INFO] 1 change detected
2024-11-26 22:21:33,756 [INFO] 1 change detected
2024-11-26 22:21:34,107 [INFO] 1 change detected
2024-11-26 22:21:34,458 [INFO] 1 change detected
2024-11-26 22:21:34,810 [INFO] 1 change detected
2024-11-26 22:21:35,161 [INFO] 1 change detected
2024-11-26 22:21:35,512 [INFO] 1 change detected
2024-11-26 22:21:35,864 [INFO] 1 change detected
2024-11-26 22:21:36,215 [INFO] 1 change detected
2024-11-26 22:21:36,566 [INFO] 1 change detected
2024-11-26 22:21:36,917 [INFO] 1 change detected
2024-11-26 22:21:37,269 [INFO] 1 change detected
2024-11-26 22:21:37,620 [INFO] 1 change detected
2024-11-26 22:21:37,971 [INFO] 1 change detected
2024-11-26 22:21:38,322 [INFO] 1 change detected
2024-11-26 22:21:38,673 [INFO] 1 change detected
2024-11-26 22:21:39,024 [INFO] 1 change detected
2024-11-26 22:21:39,375 [INFO] 1 change detected
2024-11-26 22:21:39,726 [INFO] 1 change detected
2024-11-26 22:21:40,077 [INFO] 1 change detected
2024-11-26 22:21:40,428 [INFO] 1 change detected
2024-11-26 22:21:40,780 [INFO] 1 change detected
2024-11-26 22:21:40,868 [INFO] Decoded payload: {'sub': '3', 'exp': 1732661488}
2024-11-26 22:21:40,868 [INFO] User ID from token: 3
2024-11-26 22:21:40,872 [INFO] Token from DB: <models.token.Token object at 0x7614caaab8c0>
2024-11-26 22:21:40,872 [INFO] Returning token data: email='' user_id=3
2024-11-26 22:21:41,131 [INFO] 1 change detected
2024-11-26 22:21:41,482 [INFO] 1 change detected
2024-11-26 22:21:41,833 [INFO] 1 change detected
2024-11-26 22:21:42,185 [INFO] 1 change detected
2024-11-26 22:21:42,536 [INFO] 1 change detected
2024-11-26 22:21:42,887 [INFO] 1 change detected
2024-11-26 22:21:43,239 [INFO] 1 change detected
2024-11-26 22:21:43,590 [INFO] 1 change detected
2024-11-26 22:21:43,941 [INFO] 1 change detected
2024-11-26 22:21:44,292 [INFO] 1 change detected
2024-11-26 22:21:44,643 [INFO] 1 change detected
2024-11-26 22:21:44,995 [INFO] 1 change detected
2024-11-26 22:21:45,346 [INFO] 1 change detected
2024-11-26 22:21:45,697 [INFO] 1 change detected
2024-11-26 22:21:46,048 [INFO] 1 change detected
2024-11-26 22:21:46,399 [INFO] 1 change detected
2024-11-26 22:21:46,751 [INFO] 1 change detected
2024-11-26 22:21:47,102 [INFO] 1 change detected
2024-11-26 22:21:47,454 [INFO] 1 change detected
2024-11-26 22:21:47,805 [INFO] 1 change detected
2024-11-26 22:21:48,157 [INFO] 1 change detected
2024-11-26 22:21:48,508 [INFO] 1 change detected
2024-11-26 22:21:48,861 [INFO] 1 change detected
2024-11-26 22:21:49,212 [INFO] 1 change detected
2024-11-26 22:21:49,564 [INFO] 1 change detected
2024-11-26 22:21:49,916 [INFO] 1 change detected
2024-11-26 22:21:50,267 [INFO] 1 change detected
2024-11-26 22:21:50,619 [INFO] 1 change detected
2024-11-26 22:21:50,971 [INFO] 1 change detected
2024-11-26 22:21:51,323 [INFO] 1 change detected
2024-11-26 22:21:51,675 [INFO] 1 change detected
2024-11-26 22:21:52,027 [INFO] 1 change detected
2024-11-26 22:21:52,379 [INFO] 1 change detected
2024-11-26 22:21:52,730 [INFO] 1 change detected
2024-11-26 22:21:53,081 [INFO] 1 change detected
2024-11-26 22:21:53,433 [INFO] 1 change detected
2024-11-26 22:21:53,784 [INFO] 1 change detected
2024-11-26 22:21:54,136 [INFO] 1 change detected
2024-11-26 22:21:54,487 [INFO] 1 change detected
2024-11-26 22:21:54,838 [INFO] 1 change detected
2024-11-26 22:21:55,190 [INFO] 1 change detected
2024-11-26 22:21:55,542 [INFO] 1 change detected
2024-11-26 22:21:55,893 [INFO] 1 change detected
2024-11-26 22:21:56,245 [INFO] 1 change detected
2024-11-26 22:21:56,596 [INFO] 1 change detected
2024-11-26 22:21:56,947 [INFO] 1 change detected
2024-11-26 22:21:57,299 [INFO] 1 change detected
2024-11-26 22:21:57,650 [INFO] 1 change detected
2024-11-26 22:21:58,002 [INFO] 1 change detected
2024-11-26 22:21:58,353 [INFO] 1 change detected
2024-11-26 22:21:58,705 [INFO] 1 change detected
2024-11-26 22:21:59,056 [INFO] 1 change detected
2024-11-26 22:21:59,407 [INFO] 1 change detected
2024-11-26 22:21:59,759 [INFO] 1 change detected
2024-11-26 22:22:00,110 [INFO] 1 change detected
2024-11-26 22:22:00,461 [INFO] 1 change detected
2024-11-26 22:22:00,812 [INFO] 1 change detected
2024-11-26 22:22:01,164 [INFO] 1 change detected
2024-11-26 22:22:01,516 [INFO] 1 change detected
2024-11-26 22:22:01,867 [INFO] 1 change detected
2024-11-26 22:22:02,218 [INFO] 1 change detected
2024-11-26 22:22:02,569 [INFO] 1 change detected
2024-11-26 22:22:02,920 [INFO] 1 change detected
2024-11-26 22:22:03,272 [INFO] 1 change detected
2024-11-26 22:22:03,623 [INFO] 1 change detected
2024-11-26 22:22:03,975 [INFO] 1 change detected
2024-11-26 22:22:04,327 [INFO] 1 change detected
2024-11-26 22:22:04,679 [INFO] 1 change detected
2024-11-26 22:22:05,030 [INFO] 1 change detected
2024-11-26 22:22:05,382 [INFO] 1 change detected
2024-11-26 22:22:05,734 [INFO] 1 change detected
2024-11-26 22:22:06,086 [INFO] 1 change detected
2024-11-26 22:22:06,438 [INFO] 1 change detected
2024-11-26 22:22:06,790 [INFO] 1 change detected
2024-11-26 22:22:07,141 [INFO] 1 change detected
2024-11-26 22:22:07,493 [INFO] 1 change detected
2024-11-26 22:22:07,845 [INFO] 1 change detected
2024-11-26 22:22:08,196 [INFO] 1 change detected
2024-11-26 22:22:08,548 [INFO] 1 change detected
2024-11-26 22:22:08,899 [INFO] 1 change detected
2024-11-26 22:22:09,251 [INFO] 1 change detected
2024-11-26 22:22:09,602 [INFO] 1 change detected
2024-11-26 22:22:09,954 [INFO] 1 change detected
2024-11-26 22:22:10,306 [INFO] 1 change detected
2024-11-26 22:22:10,658 [INFO] 1 change detected
2024-11-26 22:22:11,010 [INFO] 1 change detected
2024-11-26 22:22:11,362 [INFO] 1 change detected
2024-11-26 22:22:11,713 [INFO] 1 change detected
2024-11-26 22:22:12,065 [INFO] 1 change detected
2024-11-26 22:22:12,417 [INFO] 1 change detected
2024-11-26 22:22:12,769 [INFO] 1 change detected
2024-11-26 22:22:13,121 [INFO] 1 change detected
2024-11-26 22:22:13,472 [INFO] 1 change detected
2024-11-26 22:22:13,824 [INFO] 1 change detected
2024-11-26 22:22:14,177 [INFO] 1 change detected
2024-11-26 22:22:14,529 [INFO] 1 change detected
2024-11-26 22:22:14,880 [INFO] 1 change detected
2024-11-26 22:22:15,231 [INFO] 1 change detected
2024-11-26 22:22:15,584 [INFO] 1 change detected
2024-11-26 22:22:15,935 [INFO] 1 change detected
2024-11-26 22:22:16,287 [INFO] 1 change detected
2024-11-26 22:22:16,639 [INFO] 1 change detected
2024-11-26 22:22:16,991 [INFO] 1 change detected
2024-11-26 22:22:17,344 [INFO] 1 change detected
2024-11-26 22:22:17,696 [INFO] 1 change detected
2024-11-26 22:22:18,048 [INFO] 1 change detected
2024-11-26 22:22:18,400 [INFO] 1 change detected
2024-11-26 22:22:18,752 [INFO] 1 change detected
2024-11-26 22:22:19,104 [INFO] 1 change detected
2024-11-26 22:22:19,455 [INFO] 1 change detected
2024-11-26 22:22:19,807 [INFO] 1 change detected
2024-11-26 22:22:20,159 [INFO] 1 change detected
2024-11-26 22:22:20,511 [INFO] 1 change detected
2024-11-26 22:22:20,863 [INFO] 1 change detected
2024-11-26 22:22:21,215 [INFO] 1 change detected
2024-11-26 22:22:21,567 [INFO] 1 change detected
2024-11-26 22:22:21,918 [INFO] 1 change detected
2024-11-26 22:22:22,270 [INFO] 1 change detected
2024-11-26 22:22:22,622 [INFO] 1 change detected
2024-11-26 22:22:22,974 [INFO] 1 change detected
2024-11-26 22:22:23,326 [INFO] 1 change detected
2024-11-26 22:22:23,678 [INFO] 1 change detected
2024-11-26 22:22:24,030 [INFO] 1 change detected
2024-11-26 22:22:24,382 [INFO] 1 change detected
2024-11-26 22:22:24,734 [INFO] 1 change detected
2024-11-26 22:22:25,086 [INFO] 1 change detected
2024-11-26 22:22:25,437 [INFO] 1 change detected
2024-11-26 22:22:25,789 [INFO] 1 change detected
2024-11-26 22:22:26,141 [INFO] 1 change detected
2024-11-26 22:22:26,493 [INFO] 1 change detected
2024-11-26 22:22:26,845 [INFO] 1 change detected
2024-11-26 22:22:27,196 [INFO] 1 change detected
2024-11-26 22:22:27,548 [INFO] 1 change detected
2024-11-26 22:22:27,900 [INFO] 1 change detected
2024-11-26 22:22:28,253 [INFO] 1 change detected
2024-11-26 22:22:28,605 [INFO] 1 change detected
2024-11-26 22:22:28,957 [INFO] 1 change detected
2024-11-26 22:22:29,309 [INFO] 1 change detected
2024-11-26 22:22:29,660 [INFO] 1 change detected
2024-11-26 22:22:30,012 [INFO] 1 change detected
2024-11-26 22:22:30,364 [INFO] 1 change detected
2024-11-26 22:22:30,716 [INFO] 1 change detected
2024-11-26 22:22:31,068 [INFO] 1 change detected
2024-11-26 22:22:31,419 [INFO] 1 change detected
2024-11-26 22:22:31,772 [INFO] 1 change detected
2024-11-26 22:22:32,123 [INFO] 1 change detected
2024-11-26 22:22:32,475 [INFO] 1 change detected
2024-11-26 22:22:32,827 [INFO] 1 change detected
2024-11-26 22:22:33,179 [INFO] 1 change detected
2024-11-26 22:22:33,530 [INFO] 1 change detected
2024-11-26 22:22:33,882 [INFO] 1 change detected
2024-11-26 22:22:34,235 [INFO] 1 change detected
2024-11-26 22:22:34,587 [INFO] 1 change detected
2024-11-26 22:22:34,939 [INFO] 1 change detected
2024-11-26 22:22:35,291 [INFO] 1 change detected
2024-11-26 22:22:35,643 [INFO] 1 change detected
2024-11-26 22:22:35,995 [INFO] 1 change detected
2024-11-26 22:22:36,347 [INFO] 1 change detected
2024-11-26 22:22:36,699 [INFO] 1 change detected
2024-11-26 22:22:37,051 [INFO] 1 change detected
2024-11-26 22:22:37,404 [INFO] 1 change detected
2024-11-26 22:22:37,756 [INFO] 1 change detected
2024-11-26 22:22:38,108 [INFO] 1 change detected
2024-11-26 22:22:38,459 [INFO] 1 change detected
2024-11-26 22:22:38,811 [INFO] 1 change detected
2024-11-26 22:22:39,163 [INFO] 1 change detected
2024-11-26 22:22:39,515 [INFO] 1 change detected
2024-11-26 22:22:39,867 [INFO] 1 change detected
2024-11-26 22:22:40,218 [INFO] 1 change detected
2024-11-26 22:22:40,570 [INFO] 1 change detected
2024-11-26 22:22:40,923 [INFO] 1 change detected
2024-11-26 22:22:41,274 [INFO] 1 change detected
2024-11-26 22:22:41,625 [INFO] 1 change detected
2024-11-26 22:22:41,977 [INFO] 1 change detected
2024-11-26 22:22:42,328 [INFO] 1 change detected
2024-11-26 22:22:42,681 [INFO] 1 change detected
2024-11-26 22:22:43,032 [INFO] 1 change detected
2024-11-26 22:22:43,384 [INFO] 1 change detected
2024-11-26 22:22:43,736 [INFO] 1 change detected
2024-11-26 22:22:44,087 [INFO] 1 change detected
2024-11-26 22:22:44,439 [INFO] 1 change detected
2024-11-26 22:22:44,790 [INFO] 1 change detected
2024-11-26 22:22:45,142 [INFO] 1 change detected
2024-11-26 22:22:45,494 [INFO] 1 change detected
2024-11-26 22:22:45,846 [INFO] 1 change detected
2024-11-26 22:22:46,198 [INFO] 1 change detected
2024-11-26 22:22:46,550 [INFO] 1 change detected
2024-11-26 22:22:46,902 [INFO] 1 change detected
2024-11-26 22:22:47,254 [INFO] 1 change detected
2024-11-26 22:22:47,606 [INFO] 1 change detected
2024-11-26 22:22:47,958 [INFO] 1 change detected
2024-11-26 22:22:48,309 [INFO] 1 change detected
2024-11-26 22:22:48,661 [INFO] 1 change detected
2024-11-26 22:22:49,013 [INFO] 1 change detected
2024-11-26 22:22:49,365 [INFO] 1 change detected
2024-11-26 22:22:49,716 [INFO] 1 change detected
2024-11-26 22:22:50,068 [INFO] 1 change detected
2024-11-26 22:22:50,420 [INFO] 1 change detected
2024-11-26 22:22:50,772 [INFO] 1 change detected
2024-11-26 22:22:51,124 [INFO] 1 change detected
2024-11-26 22:22:51,475 [INFO] 1 change detected
2024-11-26 22:22:51,827 [INFO] 1 change detected
2024-11-26 22:22:52,179 [INFO] 1 change detected
2024-11-26 22:22:52,531 [INFO] 1 change detected
2024-11-26 22:22:52,882 [INFO] 1 change detected
2024-11-26 22:22:53,234 [INFO] 1 change detected
2024-11-26 22:22:53,586 [INFO] 1 change detected
2024-11-26 22:22:53,937 [INFO] 1 change detected
2024-11-26 22:22:54,289 [INFO] 1 change detected
2024-11-26 22:22:54,641 [INFO] 1 change detected
2024-11-26 22:22:54,992 [INFO] 1 change detected
2024-11-26 22:22:55,343 [INFO] 1 change detected
2024-11-26 22:22:55,695 [INFO] 1 change detected
2024-11-26 22:22:56,047 [INFO] 1 change detected
2024-11-26 22:22:56,398 [INFO] 1 change detected
2024-11-26 22:22:56,749 [INFO] 1 change detected
2024-11-26 22:22:57,101 [INFO] 1 change detected
2024-11-26 22:22:57,453 [INFO] 1 change detected
2024-11-26 22:22:57,804 [INFO] 1 change detected
2024-11-26 22:22:58,156 [INFO] 1 change detected
2024-11-26 22:22:58,508 [INFO] 1 change detected
2024-11-26 22:22:58,859 [INFO] 3 changes detected
2024-11-26 22:22:59,211 [INFO] 1 change detected
2024-11-26 22:22:59,562 [INFO] 1 change detected
2024-11-26 22:22:59,913 [INFO] 1 change detected
2024-11-26 22:23:00,265 [INFO] 1 change detected
2024-11-26 22:23:00,616 [INFO] 1 change detected
2024-11-26 22:23:00,967 [INFO] 1 change detected
2024-11-26 22:23:01,319 [INFO] 1 change detected
2024-11-26 22:23:01,671 [INFO] 1 change detected
2024-11-26 22:23:02,023 [INFO] 1 change detected
2024-11-26 22:23:02,375 [INFO] 1 change detected
2024-11-26 22:23:02,727 [INFO] 1 change detected
2024-11-26 22:23:03,079 [INFO] 1 change detected
2024-11-26 22:23:03,430 [INFO] 1 change detected
2024-11-26 22:23:03,782 [INFO] 1 change detected
2024-11-26 22:23:04,134 [INFO] 1 change detected
2024-11-26 22:23:04,485 [INFO] 1 change detected
2024-11-26 22:23:04,837 [INFO] 1 change detected
2024-11-26 22:23:05,188 [INFO] 1 change detected
2024-11-26 22:23:05,540 [INFO] 1 change detected
2024-11-26 22:23:05,892 [INFO] 1 change detected
2024-11-26 22:23:06,243 [INFO] 1 change detected
2024-11-26 22:23:06,595 [INFO] 1 change detected
2024-11-26 22:23:06,946 [INFO] 1 change detected
2024-11-26 22:23:07,299 [INFO] 1 change detected
2024-11-26 22:23:07,651 [INFO] 1 change detected
2024-11-26 22:23:08,002 [INFO] 1 change detected
2024-11-26 22:23:08,354 [INFO] 1 change detected
2024-11-26 22:23:08,706 [INFO] 1 change detected
2024-11-26 22:23:09,057 [INFO] 1 change detected
2024-11-26 22:23:09,409 [INFO] 1 change detected
2024-11-26 22:23:09,760 [INFO] 1 change detected
2024-11-26 22:23:10,112 [INFO] 1 change detected
2024-11-26 22:23:10,463 [INFO] 1 change detected
2024-11-26 22:23:10,814 [INFO] 1 change detected
2024-11-26 22:23:11,165 [INFO] 1 change detected
2024-11-26 22:23:11,517 [INFO] 1 change detected
2024-11-26 22:23:11,868 [INFO] 1 change detected
2024-11-26 22:23:12,220 [INFO] 1 change detected
2024-11-26 22:23:12,571 [INFO] 1 change detected
2024-11-26 22:23:12,923 [INFO] 1 change detected
2024-11-26 22:23:13,275 [INFO] 1 change detected
2024-11-26 22:23:13,627 [INFO] 2 changes detected
2024-11-26 22:23:14,104 [INFO] 1 change detected
2024-11-26 22:23:14,455 [INFO] 1 change detected
2024-11-26 22:23:14,859 [INFO] 4 changes detected
2024-11-26 22:23:15,210 [INFO] 1 change detected
2024-11-26 22:23:15,561 [INFO] 1 change detected
2024-11-26 22:23:15,913 [INFO] 1 change detected
2024-11-26 22:23:16,264 [INFO] 1 change detected
2024-11-26 22:23:16,615 [INFO] 1 change detected
2024-11-26 22:23:16,967 [INFO] 1 change detected
2024-11-26 22:23:17,418 [INFO] 82 changes detected
2024-11-26 22:23:17,984 [INFO] 1 change detected
2024-11-26 22:23:18,335 [INFO] 1 change detected
2024-11-26 22:23:18,689 [INFO] 7 changes detected
2024-11-26 22:23:19,041 [INFO] 1 change detected
2024-11-26 22:23:19,393 [INFO] 1 change detected
2024-11-26 22:23:19,744 [INFO] 1 change detected
2024-11-26 22:23:20,096 [INFO] 1 change detected
2024-11-26 22:23:20,448 [INFO] 1 change detected
2024-11-26 22:23:20,799 [INFO] 1 change detected
2024-11-26 22:23:21,151 [INFO] 1 change detected
2024-11-26 22:23:21,503 [INFO] 1 change detected
2024-11-26 22:23:21,855 [INFO] 1 change detected
2024-11-26 22:23:22,207 [INFO] 1 change detected
2024-11-26 22:23:22,558 [INFO] 1 change detected
2024-11-26 22:23:22,910 [INFO] 1 change detected
2024-11-26 22:23:23,261 [INFO] 3 changes detected
2024-11-26 22:23:23,613 [INFO] 1 change detected
2024-11-26 22:23:23,965 [INFO] 1 change detected
2024-11-26 22:23:24,317 [INFO] 1 change detected
2024-11-26 22:23:24,669 [INFO] 1 change detected
2024-11-26 22:23:25,021 [INFO] 1 change detected
2024-11-26 22:23:25,373 [INFO] 1 change detected
2024-11-26 22:23:25,724 [INFO] 1 change detected
2024-11-26 22:23:26,076 [INFO] 1 change detected
2024-11-26 22:23:26,428 [INFO] 1 change detected
2024-11-26 22:23:26,780 [INFO] 1 change detected
2024-11-26 22:23:27,131 [INFO] 21 changes detected
2024-11-26 22:23:27,483 [INFO] 1 change detected
2024-11-26 22:23:27,835 [INFO] 1 change detected
2024-11-26 22:23:28,186 [INFO] 1 change detected
2024-11-26 22:23:28,537 [INFO] 1 change detected
2024-11-26 22:23:28,888 [INFO] 1 change detected
2024-11-26 22:23:29,239 [INFO] 1 change detected
2024-11-26 22:23:29,591 [INFO] 1 change detected
2024-11-26 22:23:29,943 [INFO] 1 change detected
2024-11-26 22:23:30,294 [INFO] 1 change detected
2024-11-26 22:23:30,646 [INFO] 1 change detected
2024-11-26 22:23:30,998 [INFO] 1 change detected
2024-11-26 22:23:31,351 [INFO] 1 change detected
2024-11-26 22:23:31,702 [INFO] 1 change detected
2024-11-26 22:23:32,054 [INFO] 1 change detected
2024-11-26 22:23:32,406 [INFO] 1 change detected
2024-11-26 22:23:32,758 [INFO] 1 change detected
2024-11-26 22:23:33,110 [INFO] 1 change detected
2024-11-26 22:23:33,462 [INFO] 1 change detected
2024-11-26 22:23:33,814 [INFO] 1 change detected
2024-11-26 22:23:34,167 [INFO] 1 change detected
2024-11-26 22:23:34,519 [INFO] 1 change detected
2024-11-26 22:23:34,871 [INFO] 1 change detected
2024-11-26 22:23:35,222 [INFO] 1 change detected
2024-11-26 22:23:35,574 [INFO] 1 change detected
2024-11-26 22:23:35,926 [INFO] 1 change detected
2024-11-26 22:23:36,277 [INFO] 1 change detected
2024-11-26 22:23:36,628 [INFO] 1 change detected
2024-11-26 22:23:36,980 [INFO] 1 change detected
2024-11-26 22:23:37,332 [INFO] 1 change detected
2024-11-26 22:23:37,684 [INFO] 1 change detected
2024-11-26 22:23:38,035 [INFO] 1 change detected
2024-11-26 22:23:38,387 [INFO] 1 change detected
2024-11-26 22:23:38,739 [INFO] 1 change detected
2024-11-26 22:23:39,091 [INFO] 1 change detected
2024-11-26 22:23:39,442 [INFO] 1 change detected
2024-11-26 22:23:39,794 [INFO] 1 change detected
2024-11-26 22:23:40,146 [INFO] 1 change detected
2024-11-26 22:23:40,498 [INFO] 1 change detected
2024-11-26 22:23:40,850 [INFO] 1 change detected
2024-11-26 22:23:41,202 [INFO] 1 change detected
2024-11-26 22:23:41,553 [INFO] 1 change detected
2024-11-26 22:23:41,905 [INFO] 1 change detected
2024-11-26 22:23:42,257 [INFO] 1 change detected
2024-11-26 22:23:42,609 [INFO] 1 change detected
2024-11-26 22:23:42,961 [INFO] 1 change detected
2024-11-26 22:23:43,313 [INFO] 1 change detected
2024-11-26 22:23:43,664 [INFO] 1 change detected
2024-11-26 22:23:44,016 [INFO] 1 change detected
2024-11-26 22:23:44,368 [INFO] 1 change detected
2024-11-26 22:23:44,719 [INFO] 1 change detected
2024-11-26 22:23:45,070 [INFO] 1 change detected
2024-11-26 22:23:45,422 [INFO] 1 change detected
2024-11-26 22:23:45,774 [INFO] 1 change detected
2024-11-26 22:23:46,126 [INFO] 1 change detected
2024-11-26 22:23:46,478 [INFO] 1 change detected
2024-11-26 22:23:46,829 [INFO] 1 change detected
2024-11-26 22:23:47,180 [INFO] 1 change detected
2024-11-26 22:23:47,532 [INFO] 1 change detected
2024-11-26 22:23:47,883 [INFO] 1 change detected
2024-11-26 22:23:48,235 [INFO] 1 change detected
2024-11-26 22:23:48,586 [INFO] 1 change detected
2024-11-26 22:23:48,937 [INFO] 1 change detected
2024-11-26 22:23:49,289 [INFO] 1 change detected
2024-11-26 22:23:49,641 [INFO] 1 change detected
2024-11-26 22:23:49,992 [INFO] 1 change detected
2024-11-26 22:23:50,345 [INFO] 1 change detected
2024-11-26 22:23:50,696 [INFO] 1 change detected
2024-11-26 22:23:51,048 [INFO] 1 change detected
2024-11-26 22:23:51,400 [INFO] 1 change detected
2024-11-26 22:23:51,751 [INFO] 1 change detected
2024-11-26 22:23:52,103 [INFO] 1 change detected
2024-11-26 22:23:52,455 [INFO] 1 change detected
2024-11-26 22:23:52,808 [INFO] 1 change detected
2024-11-26 22:23:53,159 [INFO] 1 change detected
2024-11-26 22:23:53,510 [INFO] 1 change detected
2024-11-26 22:23:53,862 [INFO] 1 change detected
2024-11-26 22:23:54,214 [INFO] 1 change detected
2024-11-26 22:23:54,566 [INFO] 1 change detected
2024-11-26 22:23:54,918 [INFO] 1 change detected
2024-11-26 22:23:55,270 [INFO] 1 change detected
2024-11-26 22:23:55,622 [INFO] 1 change detected
2024-11-26 22:23:55,973 [INFO] 1 change detected
2024-11-26 22:23:56,326 [INFO] 1 change detected
2024-11-26 22:23:56,678 [INFO] 1 change detected
2024-11-26 22:23:57,030 [INFO] 1 change detected
2024-11-26 22:23:57,381 [INFO] 1 change detected
2024-11-26 22:23:57,732 [INFO] 1 change detected
2024-11-26 22:23:58,084 [INFO] 1 change detected
2024-11-26 22:23:58,436 [INFO] 1 change detected
2024-11-26 22:23:58,788 [INFO] 1 change detected
2024-11-26 22:23:59,139 [INFO] 1 change detected
2024-11-26 22:23:59,491 [INFO] 1 change detected
2024-11-26 22:23:59,842 [INFO] 1 change detected
2024-11-26 22:24:00,195 [INFO] 1 change detected
2024-11-26 22:24:00,546 [INFO] 1 change detected
2024-11-26 22:24:00,897 [INFO] 1 change detected
2024-11-26 22:24:01,249 [INFO] 1 change detected
2024-11-26 22:24:01,601 [INFO] 1 change detected
2024-11-26 22:24:01,953 [INFO] 1 change detected
2024-11-26 22:24:02,305 [INFO] 1 change detected
2024-11-26 22:24:02,657 [INFO] 1 change detected
2024-11-26 22:24:03,009 [INFO] 1 change detected
2024-11-26 22:24:03,361 [INFO] 1 change detected
2024-11-26 22:24:03,712 [INFO] 1 change detected
2024-11-26 22:24:04,063 [INFO] 1 change detected
2024-11-26 22:24:04,415 [INFO] 1 change detected
2024-11-26 22:24:04,766 [INFO] 1 change detected
2024-11-26 22:24:05,118 [INFO] 1 change detected
2024-11-26 22:24:05,470 [INFO] 1 change detected
2024-11-26 22:24:05,822 [INFO] 1 change detected
2024-11-26 22:24:06,174 [INFO] 1 change detected
2024-11-26 22:24:06,526 [INFO] 1 change detected
2024-11-26 22:24:06,877 [INFO] 1 change detected
2024-11-26 22:24:07,229 [INFO] 1 change detected
2024-11-26 22:24:07,580 [INFO] 1 change detected
2024-11-26 22:24:07,931 [INFO] 1 change detected
2024-11-26 22:24:08,283 [INFO] 1 change detected
2024-11-26 22:24:08,634 [INFO] 1 change detected
2024-11-26 22:24:08,986 [INFO] 1 change detected
2024-11-26 22:24:09,338 [INFO] 1 change detected
2024-11-26 22:24:09,690 [INFO] 1 change detected
2024-11-26 22:24:10,041 [INFO] 1 change detected
2024-11-26 22:24:10,392 [INFO] 1 change detected
2024-11-26 22:24:10,744 [INFO] 1 change detected
2024-11-26 22:24:11,096 [INFO] 1 change detected
2024-11-26 22:24:11,448 [INFO] 1 change detected
2024-11-26 22:24:11,799 [INFO] 1 change detected
2024-11-26 22:24:12,151 [INFO] 1 change detected
2024-11-26 22:24:12,503 [INFO] 1 change detected
2024-11-26 22:24:12,854 [INFO] 1 change detected
2024-11-26 22:24:13,207 [INFO] 1 change detected
2024-11-26 22:24:13,558 [INFO] 1 change detected
2024-11-26 22:24:13,910 [INFO] 1 change detected
2024-11-26 22:24:14,262 [INFO] 1 change detected
2024-11-26 22:24:14,614 [INFO] 1 change detected
2024-11-26 22:24:14,965 [INFO] 1 change detected
2024-11-26 22:24:15,316 [INFO] 1 change detected
2024-11-26 22:24:15,668 [INFO] 1 change detected
2024-11-26 22:24:16,021 [INFO] 1 change detected
2024-11-26 22:24:16,372 [INFO] 1 change detected
2024-11-26 22:24:16,723 [INFO] 1 change detected
2024-11-26 22:24:17,076 [INFO] 1 change detected
2024-11-26 22:24:17,428 [INFO] 1 change detected
2024-11-26 22:24:17,779 [INFO] 1 change detected
2024-11-26 22:24:18,131 [INFO] 1 change detected
2024-11-26 22:24:18,482 [INFO] 1 change detected
2024-11-26 22:24:18,833 [INFO] 1 change detected
2024-11-26 22:24:19,185 [INFO] 1 change detected
2024-11-26 22:24:19,536 [INFO] 1 change detected
2024-11-26 22:24:19,888 [INFO] 1 change detected
2024-11-26 22:24:20,240 [INFO] 1 change detected
2024-11-26 22:24:20,591 [INFO] 1 change detected
2024-11-26 22:24:20,942 [INFO] 22 changes detected
